<?xml version="1.0" encoding="UTF-8"?>
<!-- Generated by org.testng.reporters.JUnitReportReporter -->
<testsuite hostname="DESKTOP-PT2MTDQ" name="com.APIRestAssuredauto.Test.RestAssuredauth" tests="1" failures="0" timestamp="8 Jul 2021 11:13:35 GMT" time="1.106" errors="0">
  <testcase name="f" time="1.106" classname="com.APIRestAssuredauto.Test.RestAssuredauth"/>
</testsuite> <!-- com.APIRestAssuredauto.Test.RestAssuredauth -->
